This is pdfTeX, Version 3.141592653-2.6-1.40.26 (TeX Live 2024) (preloaded format=pdflatex 2025.1.17)  8 APR 2025 21:26
entering extended mode
 restricted \write18 enabled.
 %&-line parsing enabled.
**QAGSVA_2025.tex
(./QAGSVA_2025.tex
LaTeX2e <2024-11-01> patch level 1
L3 programming layer <2024-12-25>
(c:/texlive/2024/texmf-dist/tex/latex/thesis-ekf/thesis-ekf.cls
Document Class: thesis-ekf 2024/04/18 v4.5 Thesis class for Eszterhazy Karoly C
atholic University (Eger, Hungary)
(c:/texlive/2024/texmf-dist/tex/latex/kvoptions/kvoptions.sty
Package: kvoptions 2022-06-15 v3.15 Key value format for package options (HO)

(c:/texlive/2024/texmf-dist/tex/latex/graphics/keyval.sty
Package: keyval 2022/05/29 v1.15 key=value parser (DPC)
\KV@toks@=\toks17
)
(c:/texlive/2024/texmf-dist/tex/generic/ltxcmds/ltxcmds.sty
Package: ltxcmds 2023-12-04 v1.26 LaTeX kernel commands for general use (HO)
)
(c:/texlive/2024/texmf-dist/tex/latex/kvsetkeys/kvsetkeys.sty
Package: kvsetkeys 2022-10-05 v1.19 Key value parser (HO)
))
(c:/texlive/2024/texmf-dist/tex/latex/base/report.cls
Document Class: report 2024/06/29 v1.4n Standard LaTeX document class
(c:/texlive/2024/texmf-dist/tex/latex/base/size12.clo
File: size12.clo 2024/06/29 v1.4n Standard LaTeX file (size option)
)
\c@part=\count196
\c@chapter=\count197
\c@section=\count198
\c@subsection=\count199
\c@subsubsection=\count266
\c@paragraph=\count267
\c@subparagraph=\count268
\c@figure=\count269
\c@table=\count270
\abovecaptionskip=\skip49
\belowcaptionskip=\skip50
\bibindent=\dimen141
)
(c:/texlive/2024/texmf-dist/tex/latex/setspace/setspace.sty
Package: setspace 2022/12/04 v6.7b set line spacing
)
(c:/texlive/2024/texmf-dist/tex/latex/hyperref/hyperref.sty
Package: hyperref 2024-11-05 v7.01l Hypertext links for LaTeX

(c:/texlive/2024/texmf-dist/tex/generic/iftex/iftex.sty
Package: iftex 2024/12/12 v1.0g TeX engine tests
)
(c:/texlive/2024/texmf-dist/tex/generic/kvdefinekeys/kvdefinekeys.sty
Package: kvdefinekeys 2019-12-19 v1.6 Define keys (HO)
)
(c:/texlive/2024/texmf-dist/tex/generic/pdfescape/pdfescape.sty
Package: pdfescape 2019/12/09 v1.15 Implements pdfTeX's escape features (HO)

(c:/texlive/2024/texmf-dist/tex/generic/pdftexcmds/pdftexcmds.sty
Package: pdftexcmds 2020-06-27 v0.33 Utility functions of pdfTeX for LuaTeX (HO
)

(c:/texlive/2024/texmf-dist/tex/generic/infwarerr/infwarerr.sty
Package: infwarerr 2019/12/03 v1.5 Providing info/warning/error messages (HO)
)
Package pdftexcmds Info: \pdf@primitive is available.
Package pdftexcmds Info: \pdf@ifprimitive is available.
Package pdftexcmds Info: \pdfdraftmode found.
))
(c:/texlive/2024/texmf-dist/tex/latex/hycolor/hycolor.sty
Package: hycolor 2020-01-27 v1.10 Color options for hyperref/bookmark (HO)
)
(c:/texlive/2024/texmf-dist/tex/latex/hyperref/nameref.sty
Package: nameref 2023-11-26 v2.56 Cross-referencing by name of section

(c:/texlive/2024/texmf-dist/tex/latex/refcount/refcount.sty
Package: refcount 2019/12/15 v3.6 Data extraction from label references (HO)
)
(c:/texlive/2024/texmf-dist/tex/generic/gettitlestring/gettitlestring.sty
Package: gettitlestring 2019/12/15 v1.6 Cleanup title references (HO)
)
\c@section@level=\count271
)
(c:/texlive/2024/texmf-dist/tex/latex/etoolbox/etoolbox.sty
Package: etoolbox 2020/10/05 v2.5k e-TeX tools for LaTeX (JAW)
\etb@tempcnta=\count272
)
(c:/texlive/2024/texmf-dist/tex/generic/stringenc/stringenc.sty
Package: stringenc 2019/11/29 v1.12 Convert strings between diff. encodings (HO
)
)
\@linkdim=\dimen142
\Hy@linkcounter=\count273
\Hy@pagecounter=\count274

(c:/texlive/2024/texmf-dist/tex/latex/hyperref/pd1enc.def
File: pd1enc.def 2024-11-05 v7.01l Hyperref: PDFDocEncoding definition (HO)
Now handling font encoding PD1 ...
... no UTF-8 mapping file for font encoding PD1
)
(c:/texlive/2024/texmf-dist/tex/generic/intcalc/intcalc.sty
Package: intcalc 2019/12/15 v1.3 Expandable calculations with integers (HO)
)
\Hy@SavedSpaceFactor=\count275

(c:/texlive/2024/texmf-dist/tex/latex/hyperref/puenc.def
File: puenc.def 2024-11-05 v7.01l Hyperref: PDF Unicode definition (HO)
Now handling font encoding PU ...
... no UTF-8 mapping file for font encoding PU
)
Package hyperref Info: Option `linktocpage' set `true' on input line 4040.
Package hyperref Info: Option `bookmarksnumbered' set `true' on input line 4040
.
Package hyperref Info: Hyper figures OFF on input line 4157.
Package hyperref Info: Link nesting OFF on input line 4162.
Package hyperref Info: Hyper index ON on input line 4165.
Package hyperref Info: Plain pages OFF on input line 4172.
Package hyperref Info: Backreferencing OFF on input line 4177.
Package hyperref Info: Implicit mode ON; LaTeX internals redefined.
Package hyperref Info: Bookmarks ON on input line 4424.
\c@Hy@tempcnt=\count276

(c:/texlive/2024/texmf-dist/tex/latex/url/url.sty
\Urlmuskip=\muskip17
Package: url 2013/09/16  ver 3.4  Verb mode for urls, etc.
)
LaTeX Info: Redefining \url on input line 4763.
\XeTeXLinkMargin=\dimen143

(c:/texlive/2024/texmf-dist/tex/generic/bitset/bitset.sty
Package: bitset 2019/12/09 v1.3 Handle bit-vector datatype (HO)

(c:/texlive/2024/texmf-dist/tex/generic/bigintcalc/bigintcalc.sty
Package: bigintcalc 2019/12/15 v1.5 Expandable calculations on big integers (HO
)
))
\Fld@menulength=\count277
\Field@Width=\dimen144
\Fld@charsize=\dimen145
Package hyperref Info: Hyper figures OFF on input line 6042.
Package hyperref Info: Link nesting OFF on input line 6047.
Package hyperref Info: Hyper index ON on input line 6050.
Package hyperref Info: backreferencing OFF on input line 6057.
Package hyperref Info: Link coloring OFF on input line 6062.
Package hyperref Info: Link coloring with OCG OFF on input line 6067.
Package hyperref Info: PDF/A mode OFF on input line 6072.

(c:/texlive/2024/texmf-dist/tex/latex/base/atbegshi-ltx.sty
Package: atbegshi-ltx 2021/01/10 v1.0c Emulation of the original atbegshi
package with kernel methods
)
\Hy@abspage=\count278
\c@Item=\count279
\c@Hfootnote=\count280
)
Package hyperref Info: Driver (autodetected): hpdftex.

(c:/texlive/2024/texmf-dist/tex/latex/hyperref/hpdftex.def
File: hpdftex.def 2024-11-05 v7.01l Hyperref driver for pdfTeX

(c:/texlive/2024/texmf-dist/tex/latex/base/atveryend-ltx.sty
Package: atveryend-ltx 2020/08/19 v1.0a Emulation of the original atveryend pac
kage
with kernel methods
)
\Fld@listcount=\count281
\c@bookmark@seq@number=\count282

(c:/texlive/2024/texmf-dist/tex/latex/rerunfilecheck/rerunfilecheck.sty
Package: rerunfilecheck 2022-07-10 v1.10 Rerun checks for auxiliary files (HO)

(c:/texlive/2024/texmf-dist/tex/generic/uniquecounter/uniquecounter.sty
Package: uniquecounter 2019/12/15 v1.4 Provide unlimited unique counter (HO)
)
Package uniquecounter Info: New unique counter `rerunfilecheck' on input line 2
85.
)
\Hy@SectionHShift=\skip51
)
(c:/texlive/2024/texmf-dist/tex/latex/geometry/geometry.sty
Package: geometry 2020/01/02 v5.9 Page Geometry

(c:/texlive/2024/texmf-dist/tex/generic/iftex/ifvtex.sty
Package: ifvtex 2019/10/25 v1.7 ifvtex legacy package. Use iftex instead.
)
\Gm@cnth=\count283
\Gm@cntv=\count284
\c@Gm@tempcnt=\count285
\Gm@bindingoffset=\dimen146
\Gm@wd@mp=\dimen147
\Gm@odd@mp=\dimen148
\Gm@even@mp=\dimen149
\Gm@layoutwidth=\dimen150
\Gm@layoutheight=\dimen151
\Gm@layouthoffset=\dimen152
\Gm@layoutvoffset=\dimen153
\Gm@dimlist=\toks18
)
(c:/texlive/2024/texmf-dist/tex/latex/lm/lmodern.sty
Package: lmodern 2015/05/01 v1.6.1 Latin Modern Fonts
LaTeX Font Info:    Overwriting symbol font `operators' in version `normal'
(Font)                  OT1/cmr/m/n --> OT1/lmr/m/n on input line 22.
LaTeX Font Info:    Overwriting symbol font `letters' in version `normal'
(Font)                  OML/cmm/m/it --> OML/lmm/m/it on input line 23.
LaTeX Font Info:    Overwriting symbol font `symbols' in version `normal'
(Font)                  OMS/cmsy/m/n --> OMS/lmsy/m/n on input line 24.
LaTeX Font Info:    Overwriting symbol font `largesymbols' in version `normal'
(Font)                  OMX/cmex/m/n --> OMX/lmex/m/n on input line 25.
LaTeX Font Info:    Overwriting symbol font `operators' in version `bold'
(Font)                  OT1/cmr/bx/n --> OT1/lmr/bx/n on input line 26.
LaTeX Font Info:    Overwriting symbol font `letters' in version `bold'
(Font)                  OML/cmm/b/it --> OML/lmm/b/it on input line 27.
LaTeX Font Info:    Overwriting symbol font `symbols' in version `bold'
(Font)                  OMS/cmsy/b/n --> OMS/lmsy/b/n on input line 28.
LaTeX Font Info:    Overwriting symbol font `largesymbols' in version `bold'
(Font)                  OMX/cmex/m/n --> OMX/lmex/m/n on input line 29.
LaTeX Font Info:    Overwriting math alphabet `\mathbf' in version `normal'
(Font)                  OT1/cmr/bx/n --> OT1/lmr/bx/n on input line 31.
LaTeX Font Info:    Overwriting math alphabet `\mathsf' in version `normal'
(Font)                  OT1/cmss/m/n --> OT1/lmss/m/n on input line 32.
LaTeX Font Info:    Overwriting math alphabet `\mathit' in version `normal'
(Font)                  OT1/cmr/m/it --> OT1/lmr/m/it on input line 33.
LaTeX Font Info:    Overwriting math alphabet `\mathtt' in version `normal'
(Font)                  OT1/cmtt/m/n --> OT1/lmtt/m/n on input line 34.
LaTeX Font Info:    Overwriting math alphabet `\mathbf' in version `bold'
(Font)                  OT1/cmr/bx/n --> OT1/lmr/bx/n on input line 35.
LaTeX Font Info:    Overwriting math alphabet `\mathsf' in version `bold'
(Font)                  OT1/cmss/bx/n --> OT1/lmss/bx/n on input line 36.
LaTeX Font Info:    Overwriting math alphabet `\mathit' in version `bold'
(Font)                  OT1/cmr/bx/it --> OT1/lmr/bx/it on input line 37.
LaTeX Font Info:    Overwriting math alphabet `\mathtt' in version `bold'
(Font)                  OT1/cmtt/m/n --> OT1/lmtt/m/n on input line 38.
)
(c:/texlive/2024/texmf-dist/tex/latex/fixcmex/fixcmex.sty
Package: fixcmex 2019/08/05 v1.1 Scalable math extensions font (Enrico Gregorio
)
)
(c:/texlive/2024/texmf-dist/tex/latex/graphics/graphicx.sty
Package: graphicx 2021/09/16 v1.2d Enhanced LaTeX Graphics (DPC,SPQR)

(c:/texlive/2024/texmf-dist/tex/latex/graphics/graphics.sty
Package: graphics 2024/08/06 v1.4g Standard LaTeX Graphics (DPC,SPQR)

(c:/texlive/2024/texmf-dist/tex/latex/graphics/trig.sty
Package: trig 2023/12/02 v1.11 sin cos tan (DPC)
)
(c:/texlive/2024/texmf-dist/tex/latex/graphics-cfg/graphics.cfg
File: graphics.cfg 2016/06/04 v1.11 sample graphics configuration
)
Package graphics Info: Driver file: pdftex.def on input line 106.

(c:/texlive/2024/texmf-dist/tex/latex/graphics-def/pdftex.def
File: pdftex.def 2024/04/13 v1.2c Graphics/color driver for pdftex
))
\Gin@req@height=\dimen154
\Gin@req@width=\dimen155
))
(c:/texlive/2024/texmf-dist/tex/latex/base/fontenc.sty
Package: fontenc 2021/04/29 v2.0v Standard LaTeX package
LaTeX Font Info:    Trying to load font information for T1+lmr on input line 11
6.

(c:/texlive/2024/texmf-dist/tex/latex/lm/t1lmr.fd
File: t1lmr.fd 2015/05/01 v1.6.1 Font defs for Latin Modern
))
(c:/texlive/2024/texmf-dist/tex/generic/babel/babel.sty
Package: babel 2025/01/01 v25.1 The multilingual framework for pdfLaTeX, LuaLaT
eX and XeLaTeX
\babel@savecnt=\count286
\U@D=\dimen156
\l@unhyphenated=\language90

(c:/texlive/2024/texmf-dist/tex/generic/babel/txtbabel.def)
\bbl@readstream=\read2
\bbl@dirlevel=\count287

(c:/texlive/2024/texmf-dist/tex/generic/babel-hungarian/magyar.ldf
Language: magyar 2019/01/14 v1.5c Magyar (Hungarian) support for babel
\c@enumv=\count288
Package babel Info: Making ; an active character on input line 2791.
Package babel Info: Making ! an active character on input line 2793.
Package babel Info: Making ? an active character on input line 2799.
Package babel Info: Making : an active character on input line 2801.
Package babel Info: Making ` an active character on input line 2819.
\c@footnote@add=\count289
\c@footnote@ch=\count290
))
(c:/texlive/2024/texmf-dist/tex/generic/babel/locale/hu/babel-magyar.tex
Package babel Info: Importing font and identification data for magyar
(babel)             from babel-hu.ini. Reported on input line 11.
)
(c:/texlive/2024/texmf-dist/tex/latex/listingsutf8/listingsutf8.sty
Package: listingsutf8 2019-12-10 v1.5 Allow UTF-8 in listings input (HO)

(c:/texlive/2024/texmf-dist/tex/latex/listings/listings.sty
\lst@mode=\count291
\lst@gtempboxa=\box52
\lst@token=\toks19
\lst@length=\count292
\lst@currlwidth=\dimen157
\lst@column=\count293
\lst@pos=\count294
\lst@lostspace=\dimen158
\lst@width=\dimen159
\lst@newlines=\count295
\lst@lineno=\count296
\lst@maxwidth=\dimen160

(c:/texlive/2024/texmf-dist/tex/latex/listings/lstpatch.sty
File: lstpatch.sty 2024/09/23 1.10c (Carsten Heinz)
)
(c:/texlive/2024/texmf-dist/tex/latex/listings/lstmisc.sty
File: lstmisc.sty 2024/09/23 1.10c (Carsten Heinz)
\c@lstnumber=\count297
\lst@skipnumbers=\count298
\lst@framebox=\box53
)
(c:/texlive/2024/texmf-dist/tex/latex/listings/listings.cfg
File: listings.cfg 2024/09/23 1.10c listings configuration
))
Package: listings 2024/09/23 1.10c (Carsten Heinz)
)
(c:/texlive/2024/texmf-dist/tex/latex/mathtools/mathtools.sty
Package: mathtools 2024/10/04 v1.31 mathematical typesetting tools

(c:/texlive/2024/texmf-dist/tex/latex/tools/calc.sty
Package: calc 2023/07/08 v4.3 Infix arithmetic (KKT,FJ)
\calc@Acount=\count299
\calc@Bcount=\count300
\calc@Adimen=\dimen161
\calc@Bdimen=\dimen162
\calc@Askip=\skip52
\calc@Bskip=\skip53
LaTeX Info: Redefining \setlength on input line 80.
LaTeX Info: Redefining \addtolength on input line 81.
\calc@Ccount=\count301
\calc@Cskip=\skip54
)
(c:/texlive/2024/texmf-dist/tex/latex/mathtools/mhsetup.sty
Package: mhsetup 2021/03/18 v1.4 programming setup (MH)
)
(c:/texlive/2024/texmf-dist/tex/latex/amsmath/amsmath.sty
Package: amsmath 2024/11/05 v2.17t AMS math features
\@mathmargin=\skip55

For additional information on amsmath, use the `?' option.
(c:/texlive/2024/texmf-dist/tex/latex/amsmath/amstext.sty
Package: amstext 2021/08/26 v2.01 AMS text

(c:/texlive/2024/texmf-dist/tex/latex/amsmath/amsgen.sty
File: amsgen.sty 1999/11/30 v2.0 generic functions
\@emptytoks=\toks20
\ex@=\dimen163
))
(c:/texlive/2024/texmf-dist/tex/latex/amsmath/amsbsy.sty
Package: amsbsy 1999/11/29 v1.2d Bold Symbols
\pmbraise@=\dimen164
)
(c:/texlive/2024/texmf-dist/tex/latex/amsmath/amsopn.sty
Package: amsopn 2022/04/08 v2.04 operator names
)
\inf@bad=\count302
LaTeX Info: Redefining \frac on input line 233.
\uproot@=\count303
\leftroot@=\count304
LaTeX Info: Redefining \overline on input line 398.
LaTeX Info: Redefining \colon on input line 409.
\classnum@=\count305
\DOTSCASE@=\count306
LaTeX Info: Redefining \ldots on input line 495.
LaTeX Info: Redefining \dots on input line 498.
LaTeX Info: Redefining \cdots on input line 619.
\Mathstrutbox@=\box54
\strutbox@=\box55
LaTeX Info: Redefining \big on input line 721.
LaTeX Info: Redefining \Big on input line 722.
LaTeX Info: Redefining \bigg on input line 723.
LaTeX Info: Redefining \Bigg on input line 724.
\big@size=\dimen165
LaTeX Font Info:    Redeclaring font encoding OML on input line 742.
LaTeX Font Info:    Redeclaring font encoding OMS on input line 743.
\macc@depth=\count307
LaTeX Info: Redefining \bmod on input line 904.
LaTeX Info: Redefining \pmod on input line 909.
LaTeX Info: Redefining \smash on input line 939.
LaTeX Info: Redefining \relbar on input line 969.
LaTeX Info: Redefining \Relbar on input line 970.
\c@MaxMatrixCols=\count308
\dotsspace@=\muskip18
\c@parentequation=\count309
\dspbrk@lvl=\count310
\tag@help=\toks21
\row@=\count311
\column@=\count312
\maxfields@=\count313
\andhelp@=\toks22
\eqnshift@=\dimen166
\alignsep@=\dimen167
\tagshift@=\dimen168
\tagwidth@=\dimen169
\totwidth@=\dimen170
\lineht@=\dimen171
\@envbody=\toks23
\multlinegap=\skip56
\multlinetaggap=\skip57
\mathdisplay@stack=\toks24
LaTeX Info: Redefining \[ on input line 2953.
LaTeX Info: Redefining \] on input line 2954.
)
\g_MT_multlinerow_int=\count314
\l_MT_multwidth_dim=\dimen172
\origjot=\skip58
\l_MT_shortvdotswithinadjustabove_dim=\dimen173
\l_MT_shortvdotswithinadjustbelow_dim=\dimen174
\l_MT_above_intertext_sep=\dimen175
\l_MT_below_intertext_sep=\dimen176
\l_MT_above_shortintertext_sep=\dimen177
\l_MT_below_shortintertext_sep=\dimen178
\xmathstrut@box=\box56
\xmathstrut@dim=\dimen179
)
(c:/texlive/2024/texmf-dist/tex/latex/amsfonts/amssymb.sty
Package: amssymb 2013/01/14 v3.01 AMS font symbols

(c:/texlive/2024/texmf-dist/tex/latex/amsfonts/amsfonts.sty
Package: amsfonts 2013/01/14 v3.01 Basic AMSFonts support
\symAMSa=\mathgroup4
\symAMSb=\mathgroup5
LaTeX Font Info:    Redeclaring math symbol \hbar on input line 98.
LaTeX Font Info:    Overwriting math alphabet `\mathfrak' in version `bold'
(Font)                  U/euf/m/n --> U/euf/b/n on input line 106.
))
(c:/texlive/2024/texmf-dist/tex/latex/amscls/amsthm.sty
Package: amsthm 2020/05/29 v2.20.6
\thm@style=\toks25
\thm@bodyfont=\toks26
\thm@headfont=\toks27
\thm@notefont=\toks28
\thm@headpunct=\toks29
\thm@preskip=\skip59
\thm@postskip=\skip60
\thm@headsep=\skip61
\dth@everypar=\toks30
)
(c:/texlive/2024/texmf-dist/tex/latex/pdfpages/pdfpages.sty
Package: pdfpages 2024/10/28 v0.6c Insert pages of external PDF documents (AM)

(c:/texlive/2024/texmf-dist/tex/latex/base/ifthen.sty
Package: ifthen 2024/03/16 v1.1e Standard LaTeX ifthen package (DPC)
)
(c:/texlive/2024/texmf-dist/tex/latex/eso-pic/eso-pic.sty
Package: eso-pic 2023/05/03 v3.0c eso-pic (RN)
\ESO@tempdima=\dimen180
\ESO@tempdimb=\dimen181

(c:/texlive/2024/texmf-dist/tex/latex/xcolor/xcolor.sty
Package: xcolor 2024/09/29 v3.02 LaTeX color extensions (UK)

(c:/texlive/2024/texmf-dist/tex/latex/graphics-cfg/color.cfg
File: color.cfg 2016/01/02 v1.6 sample color configuration
)
Package xcolor Info: Driver file: pdftex.def on input line 274.

(c:/texlive/2024/texmf-dist/tex/latex/graphics/mathcolor.ltx)
Package xcolor Info: Model `cmy' substituted by `cmy0' on input line 1349.
Package xcolor Info: Model `hsb' substituted by `rgb' on input line 1353.
Package xcolor Info: Model `RGB' extended on input line 1365.
Package xcolor Info: Model `HTML' substituted by `rgb' on input line 1367.
Package xcolor Info: Model `Hsb' substituted by `hsb' on input line 1368.
Package xcolor Info: Model `tHsb' substituted by `hsb' on input line 1369.
Package xcolor Info: Model `HSB' substituted by `hsb' on input line 1370.
Package xcolor Info: Model `Gray' substituted by `gray' on input line 1371.
Package xcolor Info: Model `wave' substituted by `hsb' on input line 1372.
))
\AM@pagewidth=\dimen182
\AM@pageheight=\dimen183
\AM@fboxrule=\dimen184

(c:/texlive/2024/texmf-dist/tex/latex/pdfpages/pppdftex.def
File: pppdftex.def 2024/10/28 v0.6c Pdfpages driver for pdfTeX (AM)
)
\pdfpages@includegraphics@status=\count315
\AM@pagebox=\box57
\AM@global@opts=\toks31
\AM@pagecnt=\count316
\AM@toc@title=\toks32
\AM@lof@heading=\toks33
\c@AM@survey=\count317
\AM@templatesizebox=\box58
)
(c:/texlive/2024/texmf-dist/tex/latex/caption/caption.sty
Package: caption 2023/08/05 v3.6o Customizing captions (AR)

(c:/texlive/2024/texmf-dist/tex/latex/caption/caption3.sty
Package: caption3 2023/07/31 v2.4d caption3 kernel (AR)
\caption@tempdima=\dimen185
\captionmargin=\dimen186
\caption@leftmargin=\dimen187
\caption@rightmargin=\dimen188
\caption@width=\dimen189
\caption@indent=\dimen190
\caption@parindent=\dimen191
\caption@hangindent=\dimen192
Package caption Info: Standard document class detected.
Package caption Info: hungarian babel package is loaded.
)
\c@caption@flags=\count318
\c@continuedfloat=\count319
Package caption Info: hungarian babel package is loaded.
Package caption Info: hyperref package is loaded.
Package caption Info: listings package is loaded.
)
(c:/texlive/2024/texmf-dist/tex/latex/tools/array.sty
Package: array 2024/10/17 v2.6g Tabular extension package (FMi)
\col@sep=\dimen193
\ar@mcellbox=\box59
\extrarowheight=\dimen194
\NC@list=\toks34
\extratabsurround=\skip62
\backup@length=\skip63
\ar@cellbox=\box60
)
\c@tetel=\count320

(c:/texlive/2024/texmf-dist/tex/latex/listings/lstlang1.sty
File: lstlang1.sty 2024/09/23 1.10c listings language file
)
(c:/texlive/2024/texmf-dist/tex/latex/upquote/upquote.sty
Package: upquote 2012/04/19 v1.3 upright-quote and grave-accent glyphs in verba
tim

(c:/texlive/2024/texmf-dist/tex/latex/base/textcomp.sty
Package: textcomp 2024/04/24 v2.1b Standard LaTeX package
))
(c:/texlive/2024/texmf-dist/tex/latex/l3backend/l3backend-pdftex.def
File: l3backend-pdftex.def 2024-05-08 L3 backend support: PDF output (pdfTeX)
\l__color_backend_stack_int=\count321
\l__pdf_internal_box=\box61
)
(./QAGSVA_2025.aux)
\openout1 = `QAGSVA_2025.aux'.

LaTeX Font Info:    Checking defaults for OML/cmm/m/it on input line 42.
LaTeX Font Info:    ... okay on input line 42.
LaTeX Font Info:    Checking defaults for OMS/cmsy/m/n on input line 42.
LaTeX Font Info:    ... okay on input line 42.
LaTeX Font Info:    Checking defaults for OT1/cmr/m/n on input line 42.
LaTeX Font Info:    ... okay on input line 42.
LaTeX Font Info:    Checking defaults for T1/cmr/m/n on input line 42.
LaTeX Font Info:    ... okay on input line 42.
LaTeX Font Info:    Checking defaults for TS1/cmr/m/n on input line 42.
LaTeX Font Info:    ... okay on input line 42.
LaTeX Font Info:    Checking defaults for OMX/cmex/m/n on input line 42.
LaTeX Font Info:    ... okay on input line 42.
LaTeX Font Info:    Checking defaults for U/cmr/m/n on input line 42.
LaTeX Font Info:    ... okay on input line 42.
LaTeX Font Info:    Checking defaults for PD1/pdf/m/n on input line 42.
LaTeX Font Info:    ... okay on input line 42.
LaTeX Font Info:    Checking defaults for PU/pdf/m/n on input line 42.
LaTeX Font Info:    ... okay on input line 42.
Package hyperref Info: Link coloring OFF on input line 42.
 (./QAGSVA_2025.out) (./QAGSVA_2025.out)
\@outlinefile=\write3
\openout3 = `QAGSVA_2025.out'.


*geometry* driver: auto-detecting
*geometry* detected driver: pdftex
*geometry* verbose mode - [ preamble ] result:
* driver: pdftex
* paper: a4paper
* layout: <same size as paper>
* layoutoffset:(h,v)=(0.0pt,0.0pt)
* modes: 
* h-part:(L,W,R)=(85.35826pt, 441.01773pt, 71.13188pt)
* v-part:(T,H,B)=(71.13188pt, 702.78308pt, 71.13188pt)
* \paperwidth=597.50787pt
* \paperheight=845.04684pt
* \textwidth=441.01773pt
* \textheight=702.78308pt
* \oddsidemargin=13.08827pt
* \evensidemargin=13.08827pt
* \topmargin=-38.1381pt
* \headheight=12.0pt
* \headsep=25.0pt
* \topskip=12.0pt
* \footskip=30.0pt
* \marginparwidth=44.0pt
* \marginparsep=10.0pt
* \columnsep=10.0pt
* \skip\footins=10.8pt plus 4.0pt minus 2.0pt
* \hoffset=0.0pt
* \voffset=0.0pt
* \mag=1000
* \@twocolumnfalse
* \@twosidefalse
* \@mparswitchfalse
* \@reversemarginfalse
* (1in=72.27pt=25.4mm, 1cm=28.453pt)

LaTeX Font Info:    Trying to load font information for OT1+lmr on input line 4
2.
(c:/texlive/2024/texmf-dist/tex/latex/lm/ot1lmr.fd
File: ot1lmr.fd 2015/05/01 v1.6.1 Font defs for Latin Modern
)
LaTeX Font Info:    Trying to load font information for OML+lmm on input line 4
2.

(c:/texlive/2024/texmf-dist/tex/latex/lm/omllmm.fd
File: omllmm.fd 2015/05/01 v1.6.1 Font defs for Latin Modern
)
LaTeX Font Info:    Trying to load font information for OMS+lmsy on input line 
42.

(c:/texlive/2024/texmf-dist/tex/latex/lm/omslmsy.fd
File: omslmsy.fd 2015/05/01 v1.6.1 Font defs for Latin Modern
)
LaTeX Font Info:    Trying to load font information for OMX+lmex on input line 
42.

(c:/texlive/2024/texmf-dist/tex/latex/lm/omxlmex.fd
File: omxlmex.fd 2015/05/01 v1.6.1 Font defs for Latin Modern
)
LaTeX Font Info:    External font `lmex10' loaded for size
(Font)              <12> on input line 42.
LaTeX Font Info:    External font `lmex10' loaded for size
(Font)              <8> on input line 42.
LaTeX Font Info:    External font `lmex10' loaded for size
(Font)              <6> on input line 42.
LaTeX Font Info:    Trying to load font information for U+msa on input line 42.


(c:/texlive/2024/texmf-dist/tex/latex/amsfonts/umsa.fd
File: umsa.fd 2013/01/14 v3.01 AMS symbols A
)
LaTeX Font Info:    Trying to load font information for U+msb on input line 42.


(c:/texlive/2024/texmf-dist/tex/latex/amsfonts/umsb.fd
File: umsb.fd 2013/01/14 v3.01 AMS symbols B
)
LaTeX Font Info:    Overwriting symbol font `largesymbols' in version `normal'
(Font)                  OMX/lmex/m/n --> OMX/cmex/m/n on input line 42.
LaTeX Font Info:    Overwriting symbol font `largesymbols' in version `bold'
(Font)                  OMX/lmex/m/n --> OMX/cmex/m/n on input line 42.

(c:/texlive/2024/texmf-dist/tex/context/base/mkii/supp-pdf.mkii
[Loading MPS to PDF converter (version 2006.09.02).]
\scratchcounter=\count322
\scratchdimen=\dimen195
\scratchbox=\box62
\nofMPsegments=\count323
\nofMParguments=\count324
\everyMPshowfont=\toks35
\MPscratchCnt=\count325
\MPscratchDim=\dimen196
\MPnumerator=\count326
\makeMPintoPDFobject=\count327
\everyMPtoPDFconversion=\toks36
) (c:/texlive/2024/texmf-dist/tex/latex/epstopdf-pkg/epstopdf-base.sty
Package: epstopdf-base 2020-01-24 v2.11 Base part for package epstopdf
Package epstopdf-base Info: Redefining graphics rule for `.eps' on input line 4
85.

(c:/texlive/2024/texmf-dist/tex/latex/latexconfig/epstopdf-sys.cfg
File: epstopdf-sys.cfg 2010/07/13 v1.3 Configuration of (r)epstopdf for TeX Liv
e
))
\c@lstlisting=\count328

(c:/texlive/2024/texmf-dist/tex/latex/base/inputenc.sty
Package: inputenc 2024/02/08 v1.3d Input encoding file
\inpenc@prehook=\toks37
\inpenc@posthook=\toks38
)
(c:/texlive/2024/texmf-dist/tex/latex/pdflscape/pdflscape.sty
Package: pdflscape 2022-10-27 v0.13 Display of landscape pages in PDF

(c:/texlive/2024/texmf-dist/tex/latex/pdflscape/pdflscape-nometadata.sty
Package: pdflscape-nometadata 2022-10-28 v0.13 Display of landscape pages in PD
F (HO)

(c:/texlive/2024/texmf-dist/tex/latex/graphics/lscape.sty
Package: lscape 2020/05/28 v3.02 Landscape Pages (DPC)
)
Package pdflscape Info: Auto-detected driver: pdftex on input line 81.
))
Package caption Info: Begin \AtBeginDocument code.
Package caption Info: End \AtBeginDocument code.

(c:/texlive/2024/texmf-dist/tex/latex/base/report.cls
LaTeX Info: Redefining \cal on input line 577.
LaTeX Info: Redefining \mit on input line 578.
)
<eszterhazy-logo-hu.pdf, id=112, 256.07971pt x 88.04292pt>
File: eszterhazy-logo-hu.pdf Graphic file (type pdf)
<use eszterhazy-logo-hu.pdf>
Package pdftex.def Info: eszterhazy-logo-hu.pdf  used on input line 50.
(pdftex.def)             Requested size: 256.07907pt x 88.0427pt.


[1


{c:/texlive/2024/texmf-var/fonts/map/pdftex/updmap/pdftex.map}{c:/texlive/2024/
texmf-dist/fonts/enc/dvips/lm/lm-ec.enc} <c:/texlive/2024/texmf-dist/tex/latex/
thesis-ekf/eszterhazy-logo-hu.pdf>] (./QAGSVA_2025.toc)
\tf@toc=\write4
\openout4 = `QAGSVA_2025.toc'.



[2

]
1. fejezet.
LaTeX Font Info:    Trying to load font information for T1+lmtt on input line 6
0.
(c:/texlive/2024/texmf-dist/tex/latex/lm/t1lmtt.fd
File: t1lmtt.fd 2015/05/01 v1.6.1 Font defs for Latin Modern
)

[3

]
2. fejezet.
<./pictures/persona3_xbox.png, id=172, 1445.4pt x 813.0375pt>
File: ./pictures/persona3_xbox.png Graphic file (type png)
<use ./pictures/persona3_xbox.png>
Package pdftex.def Info: ./pictures/persona3_xbox.png  used on input line 70.
(pdftex.def)             Requested size: 426.79134pt x 240.06729pt.


[4

 <./pictures/persona3_xbox.png>]
<./pictures/persona_psp.png, id=183, 481.8pt x 271.0125pt>
File: ./pictures/persona_psp.png Graphic file (type png)
<use ./pictures/persona_psp.png>
Package pdftex.def Info: ./pictures/persona_psp.png  used on input line 79.
(pdftex.def)             Requested size: 369.88582pt x 208.06824pt.


[5 <./pictures/persona_psp.png (PNG copy)>]

[6]
3. fejezet.
<./pictures/Alan_Turing.jpg, id=196, 642.4pt x 857.2025pt>
File: ./pictures/Alan_Turing.jpg Graphic file (type jpg)
<use ./pictures/Alan_Turing.jpg>
Package pdftex.def Info: ./pictures/Alan_Turing.jpg  used on input line 104.
(pdftex.def)             Requested size: 199.16928pt x 265.76927pt.


[7

 <./pictures/Alan_Turing.jpg>]
<./pictures/John_McCarthy.png, id=207, 307.90031pt x 383.93437pt>
File: ./pictures/John_McCarthy.png Graphic file (type png)
<use ./pictures/John_McCarthy.png>
Package pdftex.def Info: ./pictures/John_McCarthy.png  used on input line 115.
(pdftex.def)             Requested size: 142.26378pt x 177.39697pt.


[8 <./pictures/John_McCarthy.png>]

[9]
4. fejezet.
<./pictures/paint_net.png, id=230, 1288.0622pt x 786.68906pt>
File: ./pictures/paint_net.png Graphic file (type png)
<use ./pictures/paint_net.png>
Package pdftex.def Info: ./pictures/paint_net.png  used on input line 147.
(pdftex.def)             Requested size: 426.79134pt x 260.66454pt.

LaTeX Warning: `!h' float specifier changed to `!ht'.



[10

]
<./pictures/game_menu.png, id=240, 1203.7472pt x 676.77844pt>
File: ./pictures/game_menu.png Graphic file (type png)
<use ./pictures/game_menu.png>
Package pdftex.def Info: ./pictures/game_menu.png  used on input line 168.
(pdftex.def)             Requested size: 426.79134pt x 239.95338pt.


[11 <./pictures/paint_net.png>]
<./pictures/game_grid.png, id=256, 1210.5225pt x 678.28406pt>
File: ./pictures/game_grid.png Graphic file (type png)
<use ./pictures/game_grid.png>
Package pdftex.def Info: ./pictures/game_grid.png  used on input line 181.
(pdftex.def)             Requested size: 369.88582pt x 207.25409pt.


LaTeX Warning: `!h' float specifier changed to `!ht'.



[12 <./pictures/game_menu.png>]
<./pictures/game_move_tile.png, id=269, 433.62pt x 524.71031pt>
File: ./pictures/game_move_tile.png Graphic file (type png)
<use ./pictures/game_move_tile.png>
Package pdftex.def Info: ./pictures/game_move_tile.png  used on input line 194.

(pdftex.def)             Requested size: 170.71652pt x 206.58176pt.


[13 <./pictures/game_grid.png> <./pictures/game_move_tile.png>]
<./pictures/game_health_ui.png, id=277, 1211.27531pt x 681.29532pt>
File: ./pictures/game_health_ui.png Graphic file (type png)
<use ./pictures/game_health_ui.png>
Package pdftex.def Info: ./pictures/game_health_ui.png  used on input line 205.

(pdftex.def)             Requested size: 398.33858pt x 224.04846pt.


[14 <./pictures/game_health_ui.png>]

[15]
Overfull \hbox (1.83392pt too wide) in paragraph at lines 232--233
[]\T1/lmr/m/n/12 Az \T1/lmr/m/it/12 IsApp-lic-ab-le-At-tack() \T1/lmr/m/n/12 ha
-son-ló-an a lé-pés-hez meg-vizs-gál-ja se-géd-függ-vé-nyek-kel, hogy
 []



[16]
Package hyperref Info: bookmark level for unknown lstlisting defaults to 0 on i
nput line 248.
 (c:/texlive/2024/texmf-dist/tex/latex/base/latin2.def
File: latin2.def 2024/02/08 v1.3d Input encoding file
)
(c:/texlive/2024/texmf-dist/tex/generic/stringenc/se-utf8.def
File: se-utf8.def 2019/11/29 v1.12 stringenc: UTF-8
)
(c:/texlive/2024/texmf-dist/tex/generic/stringenc/se-iso-8859-2.def
File: se-iso-8859-2.def 2019/11/29 v1.12 stringenc: ISO-8859-2
)

[17]

[18]

[19{c:/texlive/2024/texmf-dist/fonts/enc/dvips/lm/lm-mathit.enc}{c:/texlive/202
4/texmf-dist/fonts/enc/dvips/lm/lm-rm.enc}{c:/texlive/2024/texmf-dist/fonts/enc
/dvips/lm/lm-mathsy.enc}] (c:/texlive/2024/texmf-dist/tex/latex/base/latin2.def
File: latin2.def 2024/02/08 v1.3d Input encoding file
) (c:/texlive/2024/texmf-dist/tex/latex/base/latin2.def
File: latin2.def 2024/02/08 v1.3d Input encoding file
)

[20]
Overfull \hbox (2.14641pt too wide) in paragraph at lines 283--284
[]\T1/lmr/m/n/12 A gyer-mek-ele-mek ki-ter-jesz-té-se pe-dig al-kal-maz-za az a
lfa-béta vá-gás mód-sze-rét, amely
 []



[21] (c:/texlive/2024/texmf-dist/tex/latex/base/latin2.def
File: latin2.def 2024/02/08 v1.3d Input encoding file
)

[22]

[23]

[24]

[25] (c:/texlive/2024/texmf-dist/tex/latex/base/latin2.def
File: latin2.def 2024/02/08 v1.3d Input encoding file
)

[26]

[27]
5. fejezet.
<./pictures/game_debug.png, id=530, 510.40688pt x 119.69719pt>
File: ./pictures/game_debug.png Graphic file (type png)
<use ./pictures/game_debug.png>
Package pdftex.def Info: ./pictures/game_debug.png  used on input line 340.
(pdftex.def)             Requested size: 398.33858pt x 93.42003pt.


[28

 <./pictures/game_debug.png>]
<./pictures/game_error.png, id=542, 289.83281pt x 36.88782pt>
File: ./pictures/game_error.png Graphic file (type png)
<use ./pictures/game_error.png>
Package pdftex.def Info: ./pictures/game_error.png  used on input line 354.
(pdftex.def)             Requested size: 227.62204pt x 28.96992pt.
<./pictures/game_situation1.png, id=544, 1200.73593pt x 672.26157pt>
File: ./pictures/game_situation1.png Graphic file (type png)
<use ./pictures/game_situation1.png>
Package pdftex.def Info: ./pictures/game_situation1.png  used on input line 363
.
(pdftex.def)             Requested size: 455.24408pt x 254.87735pt.

Overfull \hbox (14.22635pt too wide) in paragraph at lines 363--364
 [][] 
 []



[29 <./pictures/game_error.png> <./pictures/game_situation1.png>]
<./pictures/game_situation2.png, id=554, 1198.4775pt x 672.26157pt>
File: ./pictures/game_situation2.png Graphic file (type png)
<use ./pictures/game_situation2.png>
Package pdftex.def Info: ./pictures/game_situation2.png  used on input line 372
.
(pdftex.def)             Requested size: 455.24408pt x 255.35947pt.

Overfull \hbox (14.22635pt too wide) in paragraph at lines 372--373
 [][] 
 []



[30 <./pictures/game_situation2.png>]
Overfull \hbox (10.25049pt too wide) in paragraph at lines 389--390
[]$\T1/lmtt/m/n/12 https : / / drive . google . com / drive / folders / 1C-[]2c
Gemq0t4ECZmj0p5VrQ7pdp0V6QhS ?
 []



[31]

[32

]
Underfull \hbox (badness 2856) in paragraph at lines 409--411
\T1/lmr/m/it/12 Be-ha-vi-or\T1/lmr/m/n/12 , 1944. []$\T1/lmtt/m/n/12 https : / 
/ archive . org / details / in . ernet . dli . 2015 . 215284 /
 []


Underfull \hbox (badness 10000) in paragraph at lines 421--423
[]\T1/lmr/m/sc/12 Wikipédia: \T1/lmr/m/it/12 Per-so-na (se-ri-es) []$\T1/lmtt/m
/n/12 https : / / en . wikipedia . org / wiki / Persona _
 []


Underfull \hbox (badness 10000) in paragraph at lines 429--431
[]\T1/lmr/m/sc/12 Wikipédia: \T1/lmr/m/it/12 Reve-la-tions: Per-so-na []$\T1/lm
tt/m/n/12 https : / / en . wikipedia . org / wiki /
 []


Underfull \hbox (badness 10000) in paragraph at lines 441--443
\T1/lmtt/m/n/12 org / wiki / Computing _ Machinery _ and _ Intelligence$[]\T1/l
mr/m/n/12 , Meg-te-kin-tés dá-tu-ma:
 []


Underfull \hbox (badness 10000) in paragraph at lines 449--451
[]\T1/lmr/m/sc/12 Wikipédia: \T1/lmr/m/it/12 Já-ték-el-mé-let []$\T1/lmtt/m/n/1
2 https : / / hu . wikipedia . org / wiki / J % C3 % A1t % C3 %
 []



[33

]
Underfull \hbox (badness 4995) in paragraph at lines 453--455
[]\T1/lmr/m/sc/12 Wikipédia: \T1/lmr/m/it/12 Game the-ory []$\T1/lmtt/m/n/12 ht
tps : / / en . wikipedia . org / wiki / Game _ theory$[]\T1/lmr/m/n/12 ,
 []


Underfull \hbox (badness 10000) in paragraph at lines 461--463
\T1/lmtt/m/n/12 geeksforgeeks . org / mini-[]max-[]algorithm-[]in-[]artificial-
[]intelligence/$[]\T1/lmr/m/n/12 ,
 []


Underfull \hbox (badness 10000) in paragraph at lines 465--467
[]\T1/lmr/m/sc/12 Wikipédia\T1/lmr/m/n/12 : \T1/lmr/m/it/12 Win-dows Forms []$\
T1/lmtt/m/n/12 https : / / en . wikipedia . org / wiki / Windows _
 []


Underfull \hbox (badness 10000) in paragraph at lines 469--471
[]\T1/lmr/m/sc/12 Unity Do-cu-men-ta-ti-on\T1/lmr/m/n/12 : \T1/lmr/m/it/12 Pre-
fabs []$\T1/lmtt/m/n/12 https : / / docs . unity3d . com / 2022 . 3 /
 []


Underfull \hbox (badness 5563) in paragraph at lines 473--475
[]\T1/lmr/m/sc/12 Unity Do-cu-men-ta-ti-on\T1/lmr/m/n/12 : \T1/lmr/m/it/12 Ga-m
e-Ob-ject []$\T1/lmtt/m/n/12 https : / / docs . unity3d . com / 2022 .
 []


Underfull \hbox (badness 10000) in paragraph at lines 473--475
\T1/lmtt/m/n/12 3 / Documentation / Manual / class-[]GameObject . html$[]\T1/lm
r/m/n/12 , Meg-te-kin-tés dá-tu-ma:
 []


Underfull \hbox (badness 10000) in paragraph at lines 477--479
[]\T1/lmr/m/sc/12 Unity Do-cu-men-ta-ti-on\T1/lmr/m/n/12 : \T1/lmr/m/it/12 Vec-
tor2 []$\T1/lmtt/m/n/12 https : / / docs . unity3d . com / 2022 .
 []


Underfull \hbox (badness 10000) in paragraph at lines 477--479
\T1/lmtt/m/n/12 3 / Documentation / ScriptReference / Vector2 . html$[]\T1/lmr/
m/n/12 , Meg-te-kin-tés dá-tu-ma:
 []


Underfull \hbox (badness 3803) in paragraph at lines 489--491
[]\T1/lmr/m/sc/12 Wikipédia\T1/lmr/m/n/12 : \T1/lmr/m/it/12 Gray-box test-ing [
]$\T1/lmtt/m/n/12 https : / / en . wikipedia . org / wiki / Gray-[]box _
 []


Underfull \hbox (badness 10000) in paragraph at lines 493--495
[]\T1/lmr/m/sc/12 Unity Do-cu-men-ta-ti-on\T1/lmr/m/n/12 : \T1/lmr/m/it/12 De-b
ug []$\T1/lmtt/m/n/12 https : / / docs . unity3d . com / 2022 . 3 /
 []

<nyilatkozat/nyilatkozat.pdf, id=610, 597.50829pt x 845.0471pt>
File: nyilatkozat/nyilatkozat.pdf Graphic file (type pdf)
<use nyilatkozat/nyilatkozat.pdf>
Package pdftex.def Info: nyilatkozat/nyilatkozat.pdf  used on input line 500.
(pdftex.def)             Requested size: 597.50682pt x 845.04504pt.
File: nyilatkozat/nyilatkozat.pdf Graphic file (type pdf)
<use nyilatkozat/nyilatkozat.pdf>
Package pdftex.def Info: nyilatkozat/nyilatkozat.pdf  used on input line 500.
(pdftex.def)             Requested size: 597.50682pt x 845.04504pt.
<nyilatkozat/nyilatkozat.pdf, id=613, page=1, 597.50829pt x 845.0471pt>
File: nyilatkozat/nyilatkozat.pdf Graphic file (type pdf)
<use nyilatkozat/nyilatkozat.pdf, page 1>
Package pdftex.def Info: nyilatkozat/nyilatkozat.pdf , page1 used on input line
 500.
(pdftex.def)             Requested size: 597.50682pt x 845.04504pt.
File: nyilatkozat/nyilatkozat.pdf Graphic file (type pdf)
<use nyilatkozat/nyilatkozat.pdf, page 1>
Package pdftex.def Info: nyilatkozat/nyilatkozat.pdf , page1 used on input line
 500.
(pdftex.def)             Requested size: 597.53416pt x 845.08372pt.


[34]
File: nyilatkozat/nyilatkozat.pdf Graphic file (type pdf)
<use nyilatkozat/nyilatkozat.pdf, page 1>
Package pdftex.def Info: nyilatkozat/nyilatkozat.pdf , page1 used on input line
 500.
(pdftex.def)             Requested size: 597.53416pt x 845.08372pt.
File: nyilatkozat/nyilatkozat.pdf Graphic file (type pdf)
<use nyilatkozat/nyilatkozat.pdf, page 1>
Package pdftex.def Info: nyilatkozat/nyilatkozat.pdf , page1 used on input line
 500.
(pdftex.def)             Requested size: 597.53416pt x 845.08372pt.


File: nyilatkozat/nyilatkozat.pdf Graphic file (type pdf)
<use nyilatkozat/nyilatkozat.pdf, page 1>
Package pdftex.def Info: nyilatkozat/nyilatkozat.pdf , page1 used on input line
 500.
(pdftex.def)             Requested size: 597.53416pt x 845.08372pt.
[35

 <./nyilatkozat/nyilatkozat.pdf>] (./QAGSVA_2025.aux)
 ***********
LaTeX2e <2024-11-01> patch level 1
L3 programming layer <2024-12-25>
 ***********
Package rerunfilecheck Info: File `QAGSVA_2025.out' has not changed.
(rerunfilecheck)             Checksum: ED182C7169DB54174835BAB8DD7CF92D;4192.
 ) 
Here is how much of TeX's memory you used:
 18904 strings out of 473207
 304475 string characters out of 5720461
 1247018 words of memory out of 5000000
 41599 multiletter control sequences out of 15000+600000
 632278 words of font info for 95 fonts, out of 8000000 for 9000
 1141 hyphenation exceptions out of 8191
 84i,17n,93p,1409b,2537s stack positions out of 10000i,1000n,20000p,200000b,200000s
<c:/texlive/2024/texmf-dist/fonts/type1/public/lm/lmbx12.pfb><c:/texlive/2024
/texmf-dist/fonts/type1/public/lm/lmcsc10.pfb><c:/texlive/2024/texmf-dist/fonts
/type1/public/lm/lmmi12.pfb><c:/texlive/2024/texmf-dist/fonts/type1/public/lm/l
mmi6.pfb><c:/texlive/2024/texmf-dist/fonts/type1/public/lm/lmmi8.pfb><c:/texliv
e/2024/texmf-dist/fonts/type1/public/lm/lmr10.pfb><c:/texlive/2024/texmf-dist/f
onts/type1/public/lm/lmr12.pfb><c:/texlive/2024/texmf-dist/fonts/type1/public/l
m/lmr7.pfb><c:/texlive/2024/texmf-dist/fonts/type1/public/lm/lmr8.pfb><c:/texli
ve/2024/texmf-dist/fonts/type1/public/lm/lmri12.pfb><c:/texlive/2024/texmf-dist
/fonts/type1/public/lm/lmsy6.pfb><c:/texlive/2024/texmf-dist/fonts/type1/public
/lm/lmsy8.pfb><c:/texlive/2024/texmf-dist/fonts/type1/public/lm/lmtt10.pfb><c:/
texlive/2024/texmf-dist/fonts/type1/public/lm/lmtt12.pfb>
Output written on QAGSVA_2025.pdf (35 pages, 3133262 bytes).
PDF statistics:
 772 PDF objects out of 1000 (max. 8388607)
 668 compressed objects within 7 object streams
 259 named destinations out of 1000 (max. 500000)
 307 words of extra memory for PDF output out of 10000 (max. 10000000)

