\BOOKMARK [0][-]{chapter.1}{\376\377\0001\000.\000\040\000B\000e\000v\000e\000z\000e\000t\000\351\000s}{}% 1
\BOOKMARK [1][-]{section.1.1}{\376\377\0001\000.\0001\000.\000\040\000J\000\341\000t\000\351\000k\000\040\000i\000s\000m\000e\000r\000t\000e\000t\000\351\000s\000e}{chapter.1}% 2
\BOOKMARK [2][-]{subsection.1.1.1}{\376\377\0001\000.\0001\000.\0001\000.\000\040\000J\000\341\000t\000\351\000k\000\040\000\366\000t\000l\000e\000t\000e}{section.1.1}% 3
\BOOKMARK [2][-]{subsection.1.1.2}{\376\377\0001\000.\0001\000.\0002\000.\000\040\000J\000\341\000t\000\351\000k\000\040\000s\000z\000a\000b\000\341\000l\000y\000o\000k}{section.1.1}% 4
\BOOKMARK [0][-]{chapter.2}{\376\377\0002\000.\000\040\000M\000e\000s\000t\000e\000r\000s\000\351\000g\000e\000s\000\040\000i\000n\000t\000e\000l\000l\000i\000g\000e\000n\000c\000i\000a}{}% 5
\BOOKMARK [1][-]{section.2.1}{\376\377\0002\000.\0001\000.\000\040\000T\000\366\000r\000t\000\351\000n\000e\000t\000e}{chapter.2}% 6
\BOOKMARK [1][-]{section.2.2}{\376\377\0002\000.\0002\000.\000\040\000J\000\341\000t\000\351\000k\000e\000l\000m\000\351\000l\000e\000t}{chapter.2}% 7
\BOOKMARK [2][-]{subsection.2.2.1}{\376\377\0002\000.\0002\000.\0001\000.\000\040\000M\000i\000n\000i\000m\000a\000x\000\040\000a\000l\000g\000o\000r\000i\000t\000m\000u\000s}{section.2.2}% 8
\BOOKMARK [2][-]{subsection.2.2.2}{\376\377\0002\000.\0002\000.\0002\000.\000\040\000M\000i\000n\000i\000m\000a\000x\000\040\000a\000l\000f\000a\000-\000b\000\351\000t\000a\000\040\000v\000\341\000g\000\341\000s\000s\000a\000l}{section.2.2}% 9
\BOOKMARK [0][-]{chapter.3}{\376\377\0003\000.\000\040\000I\000m\000p\000l\000e\000m\000e\000n\000t\000\341\000c\000i\000\363}{}% 10
\BOOKMARK [1][-]{section.3.1}{\376\377\0003\000.\0001\000.\000\040\000T\000e\000c\000h\000n\000o\000l\000\363\000g\000i\000\341\000k}{chapter.3}% 11
\BOOKMARK [2][-]{subsection.3.1.1}{\376\377\0003\000.\0001\000.\0001\000.\000\040\000J\000\341\000t\000\351\000k\000m\000o\000t\000o\000r}{section.3.1}% 12
\BOOKMARK [2][-]{subsection.3.1.2}{\376\377\0003\000.\0001\000.\0002\000.\000\040\000G\000r\000a\000f\000i\000k\000u\000s\000\040\000s\000z\000e\000r\000k\000e\000s\000z\000t\001\121}{section.3.1}% 13
\BOOKMARK [1][-]{section.3.2}{\376\377\0003\000.\0002\000.\000\040\000M\000e\000g\000j\000e\000l\000e\000n\000\355\000t\000\351\000s}{chapter.3}% 14
\BOOKMARK [2][-]{subsection.3.2.1}{\376\377\0003\000.\0002\000.\0001\000.\000\040\000M\000e\000n\000u\000S\000c\000e\000n\000e}{section.3.2}% 15
\BOOKMARK [2][-]{subsection.3.2.2}{\376\377\0003\000.\0002\000.\0002\000.\000\040\000G\000a\000m\000e\000S\000c\000e\000n\000e}{section.3.2}% 16
\BOOKMARK [1][-]{section.3.3}{\376\377\0003\000.\0003\000.\000\040\000\301\000l\000l\000a\000p\000o\000t\000t\000\351\000r}{chapter.3}% 17
\BOOKMARK [1][-]{section.3.4}{\376\377\0003\000.\0004\000.\000\040\000O\000p\000e\000r\000\341\000t\000o\000r}{chapter.3}% 18
\BOOKMARK [2][-]{subsection.3.4.1}{\376\377\0003\000.\0004\000.\0001\000.\000\040\000O\000p\000e\000r\000\341\000t\000o\000r\000o\000k\000\040\000f\000e\000l\000\351\000p\000\355\000t\000\351\000s\000e}{section.3.4}% 19
\BOOKMARK [2][-]{subsection.3.4.2}{\376\377\0003\000.\0004\000.\0002\000.\000\040\000O\000p\000e\000r\000\341\000t\000o\000r\000\040\000g\000e\000n\000e\000r\000\341\000l\000\341\000s}{section.3.4}% 20
\BOOKMARK [1][-]{section.3.5}{\376\377\0003\000.\0005\000.\000\040\000M\000i\000n\000i\000m\000a\000x}{chapter.3}% 21
\BOOKMARK [1][-]{section.3.6}{\376\377\0003\000.\0006\000.\000\040\000M\000i\000n\000i\000m\000a\000x\000\040\000a\000l\000f\000a\000-\000b\000\351\000t\000a\000\040\000v\000\341\000g\000\341\000s\000s\000a\000l}{chapter.3}% 22
\BOOKMARK [1][-]{section.3.7}{\376\377\0003\000.\0007\000.\000\040\000H\000e\000u\000r\000i\000s\000z\000t\000i\000k\000a}{chapter.3}% 23
\BOOKMARK [0][-]{chapter.4}{\376\377\0004\000.\000\040\000T\000e\000s\000z\000t\000e\000l\000\351\000s}{}% 24
\BOOKMARK [1][-]{section.4.1}{\376\377\0004\000.\0001\000.\000\040\000M\000a\000n\000u\000\341\000l\000i\000s\000\040\000t\000e\000s\000z\000t\000e\000l\000\351\000s}{chapter.4}% 25
\BOOKMARK [0][-]{chapter*.2}{\376\377\000\326\000s\000s\000z\000e\000g\000z\000\351\000s}{}% 26
\BOOKMARK [0][-]{chapter*.3}{\376\377\000I\000r\000o\000d\000a\000l\000o\000m\000j\000e\000g\000y\000z\000\351\000k}{}% 27
